<?xml version="1.0" encoding="UTF-8"?>
<testng-results skipped="0" failed="0" ignored="0" total="2" passed="2">
  <reporter-output>
  </reporter-output>
  <suite name="Surefire suite" duration-ms="5310" started-at="2021-02-24T05:54:37Z" finished-at="2021-02-24T05:54:42Z">
    <groups>
    </groups>
    <test name="Surefire test" duration-ms="5310" started-at="2021-02-24T05:54:37Z" finished-at="2021-02-24T05:54:42Z">
      <class name="Maven.Simplilearn_maven.AppTest">
        <test-method status="PASS" signature="testApp()[pri:0, instance:Maven.Simplilearn_maven.AppTest@2f7c7260]" name="testApp" duration-ms="5" started-at="2021-02-24T05:54:37Z" finished-at="2021-02-24T05:54:37Z">
          <reporter-output>
          </reporter-output>
        </test-method> <!-- testApp -->
      </class> <!-- Maven.Simplilearn_maven.AppTest -->
      <class name="test.Testcase1">
        <test-method status="PASS" signature="setup()[pri:0, instance:test.Testcase1@1b0375b3]" name="setup" is-config="true" duration-ms="2080" started-at="2021-02-24T05:54:37Z" finished-at="2021-02-24T05:54:39Z">
          <reporter-output>
          </reporter-output>
        </test-method> <!-- setup -->
        <test-method status="PASS" signature="LoginTest()[pri:0, instance:test.Testcase1@1b0375b3]" name="LoginTest" duration-ms="3115" started-at="2021-02-24T05:54:39Z" finished-at="2021-02-24T05:54:42Z">
          <reporter-output>
          </reporter-output>
        </test-method> <!-- LoginTest -->
        <test-method status="PASS" signature="CloseBrowser()[pri:0, instance:test.Testcase1@1b0375b3]" name="CloseBrowser" is-config="true" duration-ms="90" started-at="2021-02-24T05:54:42Z" finished-at="2021-02-24T05:54:42Z">
          <reporter-output>
          </reporter-output>
        </test-method> <!-- CloseBrowser -->
      </class> <!-- test.Testcase1 -->
    </test> <!-- Surefire test -->
  </suite> <!-- Surefire suite -->
</testng-results>
